<?xml version="1.0" encoding="UTF-8"?>
<!-- Generated by org.testng.reporters.JUnitReportReporter -->
<testsuite hostname="PUNITP415310L" failures="0" tests="1" name="Pageobjects.test" time="10.841" errors="0" timestamp="2024-06-08T12:13:55 IST" skipped="0">
  <testcase classname="Pageobjects.test" name="f" time="10.841"/>
</testsuite> <!-- Pageobjects.test -->
